{
  "RSpec": {
    "coverage": {
      "/home/user/Desktop/Home/Test/perx-test/loyalty-program/app/models/user.rb": {
        "lines": [
          1,
          null,
          null,
          null,
          null,
          null,
          null,
          1,
          null,
          null,
          null,
          null,
          null,
          1,
          null,
          null,
          null,
          null,
          null,
          1,
          1,
          null,
          null,
          null,
          null,
          null,
          null,
          1,
          null,
          null,
          null,
          null,
          null,
          null,
          1,
          null,
          18,
          null,
          31,
          31,
          null,
          27,
          22,
          null,
          18,
          null,
          18,
          null,
          null,
          null,
          null,
          1,
          null,
          null,
          1,
          7,
          null,
          null,
          7,
          0,
          null,
          null,
          null,
          null,
          null
        ]
      },
      "/home/user/Desktop/Home/Test/perx-test/loyalty-program/app/models/application_record.rb": {
        "lines": [
          1,
          1,
          null
        ]
      },
      "/home/user/Desktop/Home/Test/perx-test/loyalty-program/app/models/product.rb": {
        "lines": [
          1,
          null,
          null,
          null,
          null,
          null,
          null,
          1,
          null,
          null,
          null,
          null,
          null,
          null,
          null,
          null,
          1,
          null,
          null,
          null,
          null,
          null,
          null,
          1,
          null,
          null,
          null,
          null,
          null,
          null,
          1,
          null,
          null,
          1,
          null,
          null,
          1,
          null,
          3,
          null,
          null,
          3,
          1,
          null,
          null,
          null,
          3,
          0,
          null,
          null,
          null,
          3,
          3,
          null,
          3,
          0,
          null,
          null,
          null,
          null,
          3,
          null,
          0,
          null,
          0,
          null,
          null,
          null,
          null
        ]
      },
      "/home/user/Desktop/Home/Test/perx-test/loyalty-program/app/models/reward.rb": {
        "lines": [
          1,
          null,
          null,
          null,
          null,
          null,
          null,
          1,
          null,
          null,
          null,
          null,
          null,
          null,
          null,
          null,
          1,
          null,
          null,
          null,
          null,
          null,
          null,
          3,
          null,
          null
        ]
      }
    },
    "timestamp": 1659460788
  }
}
