SF:./app/models/application_record.rb
DA:1,1
DA:2,1
end_of_record
SF:./app/models/product.rb
DA:1,1
DA:8,1
DA:17,1
DA:24,1
DA:31,1
DA:34,1
DA:37,1
DA:39,3
DA:42,3
DA:43,1
DA:47,3
DA:48,0
DA:52,3
DA:53,3
DA:55,3
DA:56,0
DA:61,3
DA:63,0
DA:65,0
end_of_record
SF:./app/models/reward.rb
DA:1,1
DA:8,1
DA:17,1
DA:24,3
end_of_record
SF:./app/models/user.rb
DA:1,1
DA:8,1
DA:14,1
DA:20,1
DA:21,1
DA:28,1
DA:35,1
DA:37,18
DA:39,31
DA:40,31
DA:42,27
DA:43,22
DA:45,18
DA:47,18
DA:52,1
DA:55,1
DA:56,7
DA:59,7
DA:60,0
end_of_record
